[INFO] Scanning for projects...
[INFO] 
[INFO] --------------------< com.user.service:UserService >--------------------
[INFO] Building  0.0.1-SNAPSHOT
[INFO]   from pom.xml
[INFO] --------------------------------[ jar ]---------------------------------
[INFO] 
[INFO] >>> spring-boot:4.1.0:run (default-cli) > test-compile @ UserService >>>
[INFO] 
[INFO] --- resources:3.5.0:resources (default-resources) @ UserService ---
[INFO] Copying 1 resource from src\main\resources to target\classes
[INFO] Copying 0 resource from src\main\resources to target\classes
[INFO] 
[INFO] --- compiler:3.15.0:compile (default-compile) @ UserService ---
[INFO] Nothing to compile - all classes are up to date.
[INFO] 
[INFO] --- resources:3.5.0:testResources (default-testResources) @ UserService ---
[INFO] Copying 1 resource from src\test\resources to target\test-classes
[INFO] 
[INFO] --- compiler:3.15.0:testCompile (default-testCompile) @ UserService ---
[INFO] Nothing to compile - all classes are up to date.
[INFO] 
[INFO] <<< spring-boot:4.1.0:run (default-cli) < test-compile @ UserService <<<
[INFO] 
[INFO] 
[INFO] --- spring-boot:4.1.0:run (default-cli) @ UserService ---
[INFO] Attaching agents: []

  .   ____          _            __ _ _
 /\\ / ___'_ __ _ _(_)_ __  __ _ \ \ \ \
( ( )\___ | '_ | '_| | '_ \/ _` | \ \ \ \
 \\/  ___)| |_)| | | | | || (_| |  ) ) ) )
  '  |____| .__|_| |_|_| |_\__, | / / / /
 =========|_|==============|___/=/_/_/_/

 :: Spring Boot ::                (v4.1.0)

2026-07-04T20:36:33.617+05:30  INFO 14548 --- [UserService] [           main] c.user.service.UserServiceApplication    : Starting UserServiceApplication using Java 21.0.11 with PID 14548 (C:\Users\asus\Desktop\Spring boot microservices\UserService\target\classes started by asus in C:\Users\asus\Desktop\Spring boot microservices\UserService)
2026-07-04T20:36:33.635+05:30  INFO 14548 --- [UserService] [           main] c.user.service.UserServiceApplication    : No active profile set, falling back to 1 default profile: "default"
2026-07-04T20:36:33.740+05:30  INFO 14548 --- [UserService] [           main] o.s.c.c.c.ConfigServerConfigDataLoader   : Fetching config from server at : http://localhost:8085
2026-07-04T20:36:33.741+05:30  INFO 14548 --- [UserService] [           main] o.s.c.c.c.ConfigServerConfigDataLoader   : Located environment: name=UserService, profiles=[default], label=null, version=0570a4dbabd3049c69aef388cdbef7d67980f3d6, state=
2026-07-04T20:36:35.291+05:30  INFO 14548 --- [UserService] [           main] .s.d.r.c.RepositoryConfigurationDelegate : Bootstrapping Spring Data JPA repositories in DEFAULT mode.
2026-07-04T20:36:35.618+05:30  INFO 14548 --- [UserService] [           main] .s.d.r.c.RepositoryConfigurationDelegate : Finished Spring Data repository scanning in 305 ms. Found 1 JPA repository interface.
2026-07-04T20:36:36.183+05:30  INFO 14548 --- [UserService] [           main] o.s.cloud.context.scope.GenericScope     : BeanFactory id=45bd9af6-5bf9-30f1-a4a6-456564fe7109
2026-07-04T20:36:37.013+05:30  INFO 14548 --- [UserService] [           main] o.s.boot.tomcat.TomcatWebServer          : Tomcat initialized with port 8081 (http)
2026-07-04T20:36:37.051+05:30  INFO 14548 --- [UserService] [           main] o.apache.catalina.core.StandardService   : Starting service [Tomcat]
2026-07-04T20:36:37.052+05:30  INFO 14548 --- [UserService] [           main] o.apache.catalina.core.StandardEngine    : Starting Servlet engine: [Apache Tomcat/11.0.22]
2026-07-04T20:36:37.205+05:30  INFO 14548 --- [UserService] [           main] b.w.c.s.WebApplicationContextInitializer : Root WebApplicationContext: initialization completed in 3458 ms
2026-07-04T20:36:37.692+05:30  INFO 14548 --- [UserService] [           main] org.hibernate.orm.jpa                    : HHH008540: Processing PersistenceUnitInfo [name: default]
2026-07-04T20:36:37.857+05:30  INFO 14548 --- [UserService] [           main] org.hibernate.orm.core                   : HHH000001: Hibernate ORM core version 7.4.1.Final
2026-07-04T20:36:39.714+05:30  INFO 14548 --- [UserService] [           main] o.s.o.j.p.SpringPersistenceUnitInfo      : No LoadTimeWeaver setup: ignoring JPA class transformer
2026-07-04T20:36:40.183+05:30  INFO 14548 --- [UserService] [           main] com.zaxxer.hikari.HikariDataSource       : HikariPool-1 - Starting...
2026-07-04T20:36:40.937+05:30  INFO 14548 --- [UserService] [           main] com.zaxxer.hikari.pool.HikariPool        : HikariPool-1 - Added connection com.mysql.cj.jdbc.ConnectionImpl@69dc7b24
2026-07-04T20:36:40.949+05:30  INFO 14548 --- [UserService] [           main] com.zaxxer.hikari.HikariDataSource       : HikariPool-1 - Start completed.
2026-07-04T20:36:41.127+05:30  WARN 14548 --- [UserService] [           main] org.hibernate.orm.deprecation            : HHH90000025: MySQLDialect does not need to be specified explicitly using 'hibernate.dialect' (remove the property setting and it will be selected by default)
2026-07-04T20:36:41.176+05:30  INFO 14548 --- [UserService] [           main] org.hibernate.orm.connections.pooling    : HHH10001005: Database info:
	Database JDBC URL [jdbc:mysql://localhost:3306/microservices?createDatabaseIfNotExist=true&useSSL=false&allowPublicKeyRetrieval=true&serverTimezone=UTC]
	Database driver: MySQL Connector/J
	Database dialect: MySQLDialect
	Database version: 8.0.46
	Default catalog/schema: microservices/undefined
	Autocommit mode: undefined/unknown
	Isolation level: REPEATABLE_READ [default REPEATABLE_READ]
	JDBC fetch size: none
	Pool: DataSourceConnectionProvider
	Minimum pool size: undefined/unknown
	Maximum pool size: undefined/unknown
2026-07-04T20:36:43.584+05:30  INFO 14548 --- [UserService] [           main] org.hibernate.orm.core                   : HHH000489: No JTA platform available (set 'hibernate.transaction.jta.platform' to enable JTA platform integration)
2026-07-04T20:36:43.721+05:30  INFO 14548 --- [UserService] [           main] j.LocalContainerEntityManagerFactoryBean : Initialized JPA EntityManagerFactory for persistence unit 'default'
2026-07-04T20:36:43.915+05:30  INFO 14548 --- [UserService] [           main] o.s.d.j.r.query.QueryEnhancerFactories   : Hibernate is in classpath; If applicable, HQL parser will be used.
2026-07-04T20:36:44.328+05:30  WARN 14548 --- [UserService] [           main] JpaBaseConfiguration$JpaWebConfiguration : spring.jpa.open-in-view is enabled by default. Therefore, database queries may be performed during view rendering. Explicitly configure spring.jpa.open-in-view to disable this warning
2026-07-04T20:36:44.533+05:30  INFO 14548 --- [UserService] [           main] o.s.c.openfeign.FeignClientFactoryBean   : For 'HOTELSERVICE' URL not provided. Will try picking an instance via load-balancing.
2026-07-04T20:36:45.693+05:30  INFO 14548 --- [UserService] [           main] DiscoveryClientOptionalArgsConfiguration : Eureka HTTP Client uses RestClient.
2026-07-04T20:36:45.761+05:30  WARN 14548 --- [UserService] [           main] iguration$LoadBalancerCaffeineWarnLogger : Spring Cloud LoadBalancer is currently working with the default cache. While this cache implementation is useful for development and tests, it's recommended to use Caffeine cache in production.You can switch to using Caffeine cache, by adding it and org.springframework.cache.caffeine.CaffeineCacheManager to the classpath.
2026-07-04T20:36:45.821+05:30  INFO 14548 --- [UserService] [           main] o.s.c.n.eureka.InstanceInfoFactory       : Setting initial instance status as: STARTING
2026-07-04T20:36:45.899+05:30  INFO 14548 --- [UserService] [           main] com.netflix.discovery.DiscoveryClient    : Initializing Eureka in region us-east-1
2026-07-04T20:36:45.908+05:30  INFO 14548 --- [UserService] [           main] c.n.d.s.r.aws.ConfigClusterResolver      : Resolving eureka endpoints via configuration
2026-07-04T20:36:45.931+05:30  INFO 14548 --- [UserService] [           main] com.netflix.discovery.DiscoveryClient    : Disable delta property : false
2026-07-04T20:36:45.931+05:30  INFO 14548 --- [UserService] [           main] com.netflix.discovery.DiscoveryClient    : Single vip registry refresh property : null
2026-07-04T20:36:45.932+05:30  INFO 14548 --- [UserService] [           main] com.netflix.discovery.DiscoveryClient    : Force full registry fetch : false
2026-07-04T20:36:45.934+05:30  INFO 14548 --- [UserService] [           main] com.netflix.discovery.DiscoveryClient    : Application is null : false
2026-07-04T20:36:45.937+05:30  INFO 14548 --- [UserService] [           main] com.netflix.discovery.DiscoveryClient    : Registered Applications size is zero : true
2026-07-04T20:36:45.938+05:30  INFO 14548 --- [UserService] [           main] com.netflix.discovery.DiscoveryClient    : Application version is -1: true
2026-07-04T20:36:45.938+05:30  INFO 14548 --- [UserService] [           main] com.netflix.discovery.DiscoveryClient    : Getting all instance registry info from the eureka server
2026-07-04T20:36:46.854+05:30  INFO 14548 --- [UserService] [           main] com.netflix.discovery.DiscoveryClient    : The response status is 200
2026-07-04T20:36:46.861+05:30  INFO 14548 --- [UserService] [           main] com.netflix.discovery.DiscoveryClient    : Starting heartbeat executor: renew interval is: 30
2026-07-04T20:36:46.866+05:30  INFO 14548 --- [UserService] [           main] c.n.discovery.InstanceInfoReplicator     : InstanceInfoReplicator onDemand update allowed rate per min is 4
2026-07-04T20:36:46.872+05:30  INFO 14548 --- [UserService] [           main] com.netflix.discovery.DiscoveryClient    : Discovery Client initialized at timestamp 1783177606872 with initial instances count: 5
2026-07-04T20:36:46.883+05:30  INFO 14548 --- [UserService] [           main] o.s.c.n.e.s.EurekaServiceRegistry        : Registering application USERSERVICE with eureka with status UP
2026-07-04T20:36:46.885+05:30  INFO 14548 --- [UserService] [           main] com.netflix.discovery.DiscoveryClient    : Saw local status change event StatusChangeEvent [timestamp=1783177606885, current=UP, previous=STARTING]
2026-07-04T20:36:46.888+05:30  INFO 14548 --- [UserService] [foReplicator-%d] com.netflix.discovery.DiscoveryClient    : DiscoveryClient_USERSERVICE/ANKIT-PC:UserService:8081: registering service...
2026-07-04T20:36:46.904+05:30  INFO 14548 --- [UserService] [           main] o.s.c.n.e.s.EurekaServiceRegistry        : Unregistering application USERSERVICE with eureka with status DOWN
2026-07-04T20:36:46.905+05:30  INFO 14548 --- [UserService] [           main] com.netflix.discovery.DiscoveryClient    : Saw local status change event StatusChangeEvent [timestamp=1783177606905, current=DOWN, previous=UP]
2026-07-04T20:36:46.906+05:30  WARN 14548 --- [UserService] [           main] ConfigServletWebServerApplicationContext : Exception encountered during context initialization - cancelling refresh attempt: org.springframework.context.ApplicationContextException: Failed to start bean 'webServerStartStop'
2026-07-04T20:36:46.912+05:30  INFO 14548 --- [UserService] [           main] j.LocalContainerEntityManagerFactoryBean : Closing JPA EntityManagerFactory for persistence unit 'default'
2026-07-04T20:36:46.916+05:30  INFO 14548 --- [UserService] [           main] com.zaxxer.hikari.HikariDataSource       : HikariPool-1 - Shutdown initiated...
2026-07-04T20:36:46.932+05:30  INFO 14548 --- [UserService] [           main] com.zaxxer.hikari.HikariDataSource       : HikariPool-1 - Shutdown completed.
2026-07-04T20:36:46.933+05:30  INFO 14548 --- [UserService] [           main] com.netflix.discovery.DiscoveryClient    : Shutting down DiscoveryClient ...
2026-07-04T20:36:46.986+05:30  INFO 14548 --- [UserService] [foReplicator-%d] com.netflix.discovery.DiscoveryClient    : DiscoveryClient_USERSERVICE/ANKIT-PC:UserService:8081 - registration status: 204
2026-07-04T20:36:46.987+05:30  INFO 14548 --- [UserService] [foReplicator-%d] com.netflix.discovery.DiscoveryClient    : DiscoveryClient_USERSERVICE/ANKIT-PC:UserService:8081: registering service...
2026-07-04T20:36:46.996+05:30  INFO 14548 --- [UserService] [foReplicator-%d] com.netflix.discovery.DiscoveryClient    : DiscoveryClient_USERSERVICE/ANKIT-PC:UserService:8081 - registration status: 204
2026-07-04T20:36:46.997+05:30  INFO 14548 --- [UserService] [           main] com.netflix.discovery.DiscoveryClient    : Unregistering ...
2026-07-04T20:36:47.009+05:30  INFO 14548 --- [UserService] [           main] com.netflix.discovery.DiscoveryClient    : DiscoveryClient_USERSERVICE/ANKIT-PC:UserService:8081 - deregister  status: 200
2026-07-04T20:36:47.011+05:30  INFO 14548 --- [UserService] [           main] com.netflix.discovery.DiscoveryClient    : Completed shut down of DiscoveryClient
2026-07-04T20:36:47.042+05:30  INFO 14548 --- [UserService] [           main] .s.b.a.l.ConditionEvaluationReportLogger : 

Error starting ApplicationContext. To display the condition evaluation report re-run your application with 'debug' enabled.
2026-07-04T20:36:47.081+05:30 ERROR 14548 --- [UserService] [           main] o.s.b.d.LoggingFailureAnalysisReporter   : 

***************************
APPLICATION FAILED TO START
***************************

Description:

Web server failed to start. Port 8081 was already in use.

Action:

Identify and stop the process that's listening on port 8081 or configure this application to listen on another port.

[INFO] ------------------------------------------------------------------------
[INFO] BUILD FAILURE
[INFO] ------------------------------------------------------------------------
[INFO] Total time:  34.106 s
[INFO] Finished at: 2026-07-04T20:36:47+05:30
[INFO] ------------------------------------------------------------------------
[ERROR] Failed to execute goal org.springframework.boot:spring-boot-maven-plugin:4.1.0:run (default-cli) on project UserService: Process terminated with exit code: 1 -> [Help 1]
[ERROR] 
[ERROR] To see the full stack trace of the errors, re-run Maven with the -e switch.
[ERROR] Re-run Maven using the -X switch to enable full debug logging.
[ERROR] 
[ERROR] For more information about the errors and possible solutions, please read the following articles:
[ERROR] [Help 1] http://cwiki.apache.org/confluence/display/MAVEN/MojoExecutionException
